[2024-06-09 23:12:11.199] ERROR 6188 --- [  restartedMain] o.s.b.SpringApplication                  : Application run failed

java.lang.IllegalStateException: java.lang.IllegalStateException: Could not initialize Log4J2 logging from classpath:log4j2.xml
	at org.springframework.boot.context.logging.LoggingApplicationListener.initializeSystem(LoggingApplicationListener.java:347) ~[spring-boot-3.2.7-SNAPSHOT.jar:3.2.7-SNAPSHOT]
	at org.springframework.boot.context.logging.LoggingApplicationListener.initialize(LoggingApplicationListener.java:298) ~[spring-boot-3.2.7-SNAPSHOT.jar:3.2.7-SNAPSHOT]
	at org.springframework.boot.context.logging.LoggingApplicationListener.onApplicationEnvironmentPreparedEvent(LoggingApplicationListener.java:246) ~[spring-boot-3.2.7-SNAPSHOT.jar:3.2.7-SNAPSHOT]
	at org.springframework.boot.context.logging.LoggingApplicationListener.onApplicationEvent(LoggingApplicationListener.java:223) ~[spring-boot-3.2.7-SNAPSHOT.jar:3.2.7-SNAPSHOT]
	at org.springframework.context.event.SimpleApplicationEventMulticaster.doInvokeListener(SimpleApplicationEventMulticaster.java:185) ~[spring-context-6.1.8.jar:6.1.8]
	at org.springframework.context.event.SimpleApplicationEventMulticaster.invokeListener(SimpleApplicationEventMulticaster.java:178) ~[spring-context-6.1.8.jar:6.1.8]
	at org.springframework.context.event.SimpleApplicationEventMulticaster.multicastEvent(SimpleApplicationEventMulticaster.java:156) ~[spring-context-6.1.8.jar:6.1.8]
	at org.springframework.context.event.SimpleApplicationEventMulticaster.multicastEvent(SimpleApplicationEventMulticaster.java:138) ~[spring-context-6.1.8.jar:6.1.8]
	at org.springframework.boot.context.event.EventPublishingRunListener.multicastInitialEvent(EventPublishingRunListener.java:136) ~[spring-boot-3.2.7-SNAPSHOT.jar:3.2.7-SNAPSHOT]
	at org.springframework.boot.context.event.EventPublishingRunListener.environmentPrepared(EventPublishingRunListener.java:81) ~[spring-boot-3.2.7-SNAPSHOT.jar:3.2.7-SNAPSHOT]
	at org.springframework.boot.SpringApplicationRunListeners.lambda$environmentPrepared$2(SpringApplicationRunListeners.java:64) ~[spring-boot-3.2.7-SNAPSHOT.jar:3.2.7-SNAPSHOT]
	at java.base/java.lang.Iterable.forEach(Iterable.java:75) ~[?:?]
	at org.springframework.boot.SpringApplicationRunListeners.doWithListeners(SpringApplicationRunListeners.java:118) ~[spring-boot-3.2.7-SNAPSHOT.jar:3.2.7-SNAPSHOT]
	at org.springframework.boot.SpringApplicationRunListeners.doWithListeners(SpringApplicationRunListeners.java:112) ~[spring-boot-3.2.7-SNAPSHOT.jar:3.2.7-SNAPSHOT]
	at org.springframework.boot.SpringApplicationRunListeners.environmentPrepared(SpringApplicationRunListeners.java:63) ~[spring-boot-3.2.7-SNAPSHOT.jar:3.2.7-SNAPSHOT]
	at org.springframework.boot.SpringApplication.prepareEnvironment(SpringApplication.java:370) [spring-boot-3.2.7-SNAPSHOT.jar:3.2.7-SNAPSHOT]
	at org.springframework.boot.SpringApplication.run(SpringApplication.java:330) [spring-boot-3.2.7-SNAPSHOT.jar:3.2.7-SNAPSHOT]
	at org.springframework.boot.SpringApplication.run(SpringApplication.java:1363) [spring-boot-3.2.7-SNAPSHOT.jar:3.2.7-SNAPSHOT]
	at org.springframework.boot.SpringApplication.run(SpringApplication.java:1352) [spring-boot-3.2.7-SNAPSHOT.jar:3.2.7-SNAPSHOT]
	at kr.co.pycoding.DemoApplication.main(DemoApplication.java:10) [classes/:?]
	at java.base/jdk.internal.reflect.NativeMethodAccessorImpl.invoke0(Native Method) ~[?:?]
	at java.base/jdk.internal.reflect.NativeMethodAccessorImpl.invoke(NativeMethodAccessorImpl.java:77) ~[?:?]
	at java.base/jdk.internal.reflect.DelegatingMethodAccessorImpl.invoke(DelegatingMethodAccessorImpl.java:43) ~[?:?]
	at java.base/java.lang.reflect.Method.invoke(Method.java:568) ~[?:?]
	at org.springframework.boot.devtools.restart.RestartLauncher.run(RestartLauncher.java:50) [spring-boot-devtools-3.2.7-SNAPSHOT.jar:3.2.7-SNAPSHOT]
Caused by: java.lang.IllegalStateException: Could not initialize Log4J2 logging from classpath:log4j2.xml
	at org.springframework.boot.logging.log4j2.Log4J2LoggingSystem.loadConfiguration(Log4J2LoggingSystem.java:276) ~[spring-boot-3.2.7-SNAPSHOT.jar:3.2.7-SNAPSHOT]
	at org.springframework.boot.logging.log4j2.Log4J2LoggingSystem.load(Log4J2LoggingSystem.java:245) ~[spring-boot-3.2.7-SNAPSHOT.jar:3.2.7-SNAPSHOT]
	at org.springframework.boot.logging.log4j2.Log4J2LoggingSystem.loadConfiguration(Log4J2LoggingSystem.java:237) ~[spring-boot-3.2.7-SNAPSHOT.jar:3.2.7-SNAPSHOT]
	at org.springframework.boot.logging.AbstractLoggingSystem.initializeWithSpecificConfig(AbstractLoggingSystem.java:67) ~[spring-boot-3.2.7-SNAPSHOT.jar:3.2.7-SNAPSHOT]
	at org.springframework.boot.logging.AbstractLoggingSystem.initialize(AbstractLoggingSystem.java:58) ~[spring-boot-3.2.7-SNAPSHOT.jar:3.2.7-SNAPSHOT]
	at org.springframework.boot.logging.log4j2.Log4J2LoggingSystem.initialize(Log4J2LoggingSystem.java:224) ~[spring-boot-3.2.7-SNAPSHOT.jar:3.2.7-SNAPSHOT]
	at org.springframework.boot.context.logging.LoggingApplicationListener.initializeSystem(LoggingApplicationListener.java:335) ~[spring-boot-3.2.7-SNAPSHOT.jar:3.2.7-SNAPSHOT]
	... 24 more
Caused by: java.io.FileNotFoundException: class path resource [log4j2.xml] cannot be resolved to URL because it does not exist
	at org.springframework.util.ResourceUtils.getURL(ResourceUtils.java:140) ~[spring-core-6.1.8.jar:6.1.8]
	at org.springframework.boot.logging.log4j2.Log4J2LoggingSystem.load(Log4J2LoggingSystem.java:281) ~[spring-boot-3.2.7-SNAPSHOT.jar:3.2.7-SNAPSHOT]
	at org.springframework.boot.logging.log4j2.Log4J2LoggingSystem.loadConfiguration(Log4J2LoggingSystem.java:267) ~[spring-boot-3.2.7-SNAPSHOT.jar:3.2.7-SNAPSHOT]
	at org.springframework.boot.logging.log4j2.Log4J2LoggingSystem.load(Log4J2LoggingSystem.java:245) ~[spring-boot-3.2.7-SNAPSHOT.jar:3.2.7-SNAPSHOT]
	at org.springframework.boot.logging.log4j2.Log4J2LoggingSystem.loadConfiguration(Log4J2LoggingSystem.java:237) ~[spring-boot-3.2.7-SNAPSHOT.jar:3.2.7-SNAPSHOT]
	at org.springframework.boot.logging.AbstractLoggingSystem.initializeWithSpecificConfig(AbstractLoggingSystem.java:67) ~[spring-boot-3.2.7-SNAPSHOT.jar:3.2.7-SNAPSHOT]
	at org.springframework.boot.logging.AbstractLoggingSystem.initialize(AbstractLoggingSystem.java:58) ~[spring-boot-3.2.7-SNAPSHOT.jar:3.2.7-SNAPSHOT]
	at org.springframework.boot.logging.log4j2.Log4J2LoggingSystem.initialize(Log4J2LoggingSystem.java:224) ~[spring-boot-3.2.7-SNAPSHOT.jar:3.2.7-SNAPSHOT]
	at org.springframework.boot.context.logging.LoggingApplicationListener.initializeSystem(LoggingApplicationListener.java:335) ~[spring-boot-3.2.7-SNAPSHOT.jar:3.2.7-SNAPSHOT]
	... 24 more

[2024-06-09 23:12:53.179] ERROR 6188 --- [  restartedMain] o.s.b.SpringApplication                  : Application run failed

java.lang.IllegalStateException: java.lang.IllegalStateException: Could not initialize Log4J2 logging from classpath:log4j2.xml
	at org.springframework.boot.context.logging.LoggingApplicationListener.initializeSystem(LoggingApplicationListener.java:347) ~[spring-boot-3.2.7-SNAPSHOT.jar:3.2.7-SNAPSHOT]
	at org.springframework.boot.context.logging.LoggingApplicationListener.initialize(LoggingApplicationListener.java:298) ~[spring-boot-3.2.7-SNAPSHOT.jar:3.2.7-SNAPSHOT]
	at org.springframework.boot.context.logging.LoggingApplicationListener.onApplicationEnvironmentPreparedEvent(LoggingApplicationListener.java:246) ~[spring-boot-3.2.7-SNAPSHOT.jar:3.2.7-SNAPSHOT]
	at org.springframework.boot.context.logging.LoggingApplicationListener.onApplicationEvent(LoggingApplicationListener.java:223) ~[spring-boot-3.2.7-SNAPSHOT.jar:3.2.7-SNAPSHOT]
	at org.springframework.context.event.SimpleApplicationEventMulticaster.doInvokeListener(SimpleApplicationEventMulticaster.java:185) ~[spring-context-6.1.8.jar:6.1.8]
	at org.springframework.context.event.SimpleApplicationEventMulticaster.invokeListener(SimpleApplicationEventMulticaster.java:178) ~[spring-context-6.1.8.jar:6.1.8]
	at org.springframework.context.event.SimpleApplicationEventMulticaster.multicastEvent(SimpleApplicationEventMulticaster.java:156) ~[spring-context-6.1.8.jar:6.1.8]
	at org.springframework.context.event.SimpleApplicationEventMulticaster.multicastEvent(SimpleApplicationEventMulticaster.java:138) ~[spring-context-6.1.8.jar:6.1.8]
	at org.springframework.boot.context.event.EventPublishingRunListener.multicastInitialEvent(EventPublishingRunListener.java:136) ~[spring-boot-3.2.7-SNAPSHOT.jar:3.2.7-SNAPSHOT]
	at org.springframework.boot.context.event.EventPublishingRunListener.environmentPrepared(EventPublishingRunListener.java:81) ~[spring-boot-3.2.7-SNAPSHOT.jar:3.2.7-SNAPSHOT]
	at org.springframework.boot.SpringApplicationRunListeners.lambda$environmentPrepared$2(SpringApplicationRunListeners.java:64) ~[spring-boot-3.2.7-SNAPSHOT.jar:3.2.7-SNAPSHOT]
	at java.base/java.lang.Iterable.forEach(Iterable.java:75) ~[?:?]
	at org.springframework.boot.SpringApplicationRunListeners.doWithListeners(SpringApplicationRunListeners.java:118) ~[spring-boot-3.2.7-SNAPSHOT.jar:3.2.7-SNAPSHOT]
	at org.springframework.boot.SpringApplicationRunListeners.doWithListeners(SpringApplicationRunListeners.java:112) ~[spring-boot-3.2.7-SNAPSHOT.jar:3.2.7-SNAPSHOT]
	at org.springframework.boot.SpringApplicationRunListeners.environmentPrepared(SpringApplicationRunListeners.java:63) ~[spring-boot-3.2.7-SNAPSHOT.jar:3.2.7-SNAPSHOT]
	at org.springframework.boot.SpringApplication.prepareEnvironment(SpringApplication.java:370) [spring-boot-3.2.7-SNAPSHOT.jar:3.2.7-SNAPSHOT]
	at org.springframework.boot.SpringApplication.run(SpringApplication.java:330) [spring-boot-3.2.7-SNAPSHOT.jar:3.2.7-SNAPSHOT]
	at org.springframework.boot.SpringApplication.run(SpringApplication.java:1363) [spring-boot-3.2.7-SNAPSHOT.jar:3.2.7-SNAPSHOT]
	at org.springframework.boot.SpringApplication.run(SpringApplication.java:1352) [spring-boot-3.2.7-SNAPSHOT.jar:3.2.7-SNAPSHOT]
	at kr.co.pycoding.DemoApplication.main(DemoApplication.java:10) [classes/:?]
	at java.base/jdk.internal.reflect.NativeMethodAccessorImpl.invoke0(Native Method) ~[?:?]
	at java.base/jdk.internal.reflect.NativeMethodAccessorImpl.invoke(NativeMethodAccessorImpl.java:77) ~[?:?]
	at java.base/jdk.internal.reflect.DelegatingMethodAccessorImpl.invoke(DelegatingMethodAccessorImpl.java:43) ~[?:?]
	at java.base/java.lang.reflect.Method.invoke(Method.java:568) ~[?:?]
	at org.springframework.boot.devtools.restart.RestartLauncher.run(RestartLauncher.java:50) [spring-boot-devtools-3.2.7-SNAPSHOT.jar:3.2.7-SNAPSHOT]
Caused by: java.lang.IllegalStateException: Could not initialize Log4J2 logging from classpath:log4j2.xml
	at org.springframework.boot.logging.log4j2.Log4J2LoggingSystem.loadConfiguration(Log4J2LoggingSystem.java:276) ~[spring-boot-3.2.7-SNAPSHOT.jar:3.2.7-SNAPSHOT]
	at org.springframework.boot.logging.log4j2.Log4J2LoggingSystem.load(Log4J2LoggingSystem.java:245) ~[spring-boot-3.2.7-SNAPSHOT.jar:3.2.7-SNAPSHOT]
	at org.springframework.boot.logging.log4j2.Log4J2LoggingSystem.loadConfiguration(Log4J2LoggingSystem.java:237) ~[spring-boot-3.2.7-SNAPSHOT.jar:3.2.7-SNAPSHOT]
	at org.springframework.boot.logging.AbstractLoggingSystem.initializeWithSpecificConfig(AbstractLoggingSystem.java:67) ~[spring-boot-3.2.7-SNAPSHOT.jar:3.2.7-SNAPSHOT]
	at org.springframework.boot.logging.AbstractLoggingSystem.initialize(AbstractLoggingSystem.java:58) ~[spring-boot-3.2.7-SNAPSHOT.jar:3.2.7-SNAPSHOT]
	at org.springframework.boot.logging.log4j2.Log4J2LoggingSystem.initialize(Log4J2LoggingSystem.java:224) ~[spring-boot-3.2.7-SNAPSHOT.jar:3.2.7-SNAPSHOT]
	at org.springframework.boot.context.logging.LoggingApplicationListener.initializeSystem(LoggingApplicationListener.java:335) ~[spring-boot-3.2.7-SNAPSHOT.jar:3.2.7-SNAPSHOT]
	... 24 more
Caused by: java.io.FileNotFoundException: class path resource [log4j2.xml] cannot be resolved to URL because it does not exist
	at org.springframework.util.ResourceUtils.getURL(ResourceUtils.java:140) ~[spring-core-6.1.8.jar:6.1.8]
	at org.springframework.boot.logging.log4j2.Log4J2LoggingSystem.load(Log4J2LoggingSystem.java:281) ~[spring-boot-3.2.7-SNAPSHOT.jar:3.2.7-SNAPSHOT]
	at org.springframework.boot.logging.log4j2.Log4J2LoggingSystem.loadConfiguration(Log4J2LoggingSystem.java:267) ~[spring-boot-3.2.7-SNAPSHOT.jar:3.2.7-SNAPSHOT]
	at org.springframework.boot.logging.log4j2.Log4J2LoggingSystem.load(Log4J2LoggingSystem.java:245) ~[spring-boot-3.2.7-SNAPSHOT.jar:3.2.7-SNAPSHOT]
	at org.springframework.boot.logging.log4j2.Log4J2LoggingSystem.loadConfiguration(Log4J2LoggingSystem.java:237) ~[spring-boot-3.2.7-SNAPSHOT.jar:3.2.7-SNAPSHOT]
	at org.springframework.boot.logging.AbstractLoggingSystem.initializeWithSpecificConfig(AbstractLoggingSystem.java:67) ~[spring-boot-3.2.7-SNAPSHOT.jar:3.2.7-SNAPSHOT]
	at org.springframework.boot.logging.AbstractLoggingSystem.initialize(AbstractLoggingSystem.java:58) ~[spring-boot-3.2.7-SNAPSHOT.jar:3.2.7-SNAPSHOT]
	at org.springframework.boot.logging.log4j2.Log4J2LoggingSystem.initialize(Log4J2LoggingSystem.java:224) ~[spring-boot-3.2.7-SNAPSHOT.jar:3.2.7-SNAPSHOT]
	at org.springframework.boot.context.logging.LoggingApplicationListener.initializeSystem(LoggingApplicationListener.java:335) ~[spring-boot-3.2.7-SNAPSHOT.jar:3.2.7-SNAPSHOT]
	... 24 more

